<?xml version="1.0" encoding="UTF-8"?>
<!-- Generated by org.testng.reporters.JUnitReportReporter -->
<testsuite hostname="sinl241943m" failures="0" tests="1" name="CIMBL.TestRunner" time="0.759" errors="0" timestamp="2020-08-27T12:14:51 IST" skipped="0">
  <testcase classname="CIMBL.TestRunner" name="testParallel" time="0.759"/>
  <system-out/>
</testsuite> <!-- CIMBL.TestRunner -->
